Arguments: 
  C:\Program Files\nodejs\node.exe C:\Users\Kuldeep\.node\corepack\yarn\1.22.15\bin\yarn.js init

PATH: 
  C:\Program Files\WindowsApps\Microsoft.PowerShell_7.2.4.0_x64__8wekyb3d8bbwe;C:\Program Files (x86)\VMware\VMware Workstation\bin\;C:\Windows\system32;C:\Windows;C:\Windows\System32\Wbem;C:\Windows\System32\WindowsPowerShell\v1.0\;C:\Windows\System32\OpenSSH\;C:\Program Files (x86)\NVIDIA Corporation\PhysX\Common;C:\ProgramData\chocolatey\bin;C:\Program Files\Microsoft SQL Server\130\Tools\Binn\;C:\Program Files\Microsoft SQL Server\150\Tools\Binn\;C:\Program Files\Microsoft SQL Server\Client SDK\ODBC\170\Tools\Binn\;C:\Program Files\RedHat\java-17-openjdk-17.0.1.0.12-1\bin;C:\Program Files\dotnet\;C:\Program Files\Docker\Docker\resources\bin;C:\ProgramData\DockerDesktop\version-bin;C:\Program Files\Git\cmd;C:\Program Files\nodejs\;C:\Python310\Scripts\;C:\Python310\;C:\Users\Kuldeep\AppData\Local\Programs\Python\Python310\Scripts\;C:\Users\Kuldeep\AppData\Local\Programs\Python\Python310\;C:\Users\Kuldeep\AppData\Local\Microsoft\WindowsApps;C:\Users\Kuldeep\AppData\Local\Programs\Microsoft VS Code\bin;C:\Users\Kuldeep\AppData\Local\Programs\oh-my-posh\bin;C:\Users\Kuldeep\AppData\Local\Programs\oh-my-posh\themes;C:\Users\Kuldeep\.dotnet\tools;C:\goodbyedpi-0.2.1\x86_64;C:\metasploit-framework\bin;C:\Users\Kuldeep\AppData\Roaming\npm

Yarn version: 
  1.22.15

Node version: 
  16.15.0

Platform: 
  win32 x64

Trace: 
  Error: canceled
      at Interface.<anonymous> (C:\Users\Kuldeep\.node\corepack\yarn\1.22.15\lib\cli.js:137145:13)
      at Interface.emit (node:events:527:28)
      at Interface._ttyWrite (node:readline:1081:16)
      at ReadStream.onkeypress (node:readline:288:10)
      at ReadStream.emit (node:events:527:28)
      at emitKeys (node:internal/readline/utils:358:14)
      at emitKeys.next (<anonymous>)
      at ReadStream.onData (node:internal/readline/emitKeypressEvents:61:36)
      at ReadStream.emit (node:events:527:28)
      at addChunk (node:internal/streams/readable:315:12)

npm manifest: 
  No manifest

yarn manifest: 
  No manifest

Lockfile: 
  No lockfile
